2021-12-18 19:39:33,420 INFO    MainThread:75701 [internal.py:wandb_internal():87] W&B internal server running at pid: 75701, started at: 2021-12-18 19:39:33.420362
2021-12-18 19:39:33,424 DEBUG   HandlerThread:75701 [handler.py:handle_request():130] handle_request: check_version
2021-12-18 19:39:33,425 INFO    WriterThread:75701 [datastore.py:open_for_write():77] open: /Users/sripathisridhar/PycharmProjects/tau-av/wandb/run-20211218_193930-1op88x0v/run-1op88x0v.wandb
2021-12-18 19:39:33,428 DEBUG   SenderThread:75701 [sender.py:send():234] send: header
2021-12-18 19:39:33,428 DEBUG   SenderThread:75701 [sender.py:send_request():248] send_request: check_version
2021-12-18 19:39:33,589 DEBUG   SenderThread:75701 [sender.py:send():234] send: run
2021-12-18 19:39:33,784 INFO    SenderThread:75701 [dir_watcher.py:__init__():169] watching files in: /Users/sripathisridhar/PycharmProjects/tau-av/wandb/run-20211218_193930-1op88x0v/files
2021-12-18 19:39:33,784 INFO    SenderThread:75701 [sender.py:_start_run_threads():804] run started: 1op88x0v with start time 1639874371
2021-12-18 19:39:33,787 DEBUG   SenderThread:75701 [sender.py:send():234] send: summary
2021-12-18 19:39:33,787 INFO    SenderThread:75701 [sender.py:_save_file():939] saving file wandb-summary.json with policy end
2021-12-18 19:39:33,790 DEBUG   HandlerThread:75701 [handler.py:handle_request():130] handle_request: run_start
2021-12-18 19:39:33,792 DEBUG   HandlerThread:75701 [meta.py:__init__():40] meta init
2021-12-18 19:39:33,793 DEBUG   HandlerThread:75701 [meta.py:__init__():54] meta init done
2021-12-18 19:39:33,793 DEBUG   HandlerThread:75701 [meta.py:probe():214] probe
2021-12-18 19:39:33,799 DEBUG   HandlerThread:75701 [git.py:repo():33] git repository is invalid
2021-12-18 19:39:33,801 DEBUG   HandlerThread:75701 [meta.py:_save_pip():58] save pip
2021-12-18 19:39:33,804 DEBUG   HandlerThread:75701 [meta.py:_save_pip():72] save pip done
2021-12-18 19:39:33,805 DEBUG   HandlerThread:75701 [meta.py:_save_conda():79] save conda
2021-12-18 19:39:34,791 INFO    Thread-13 :75701 [dir_watcher.py:_on_file_created():217] file/dir created: /Users/sripathisridhar/PycharmProjects/tau-av/wandb/run-20211218_193930-1op88x0v/files/wandb-summary.json
2021-12-18 19:39:34,792 INFO    Thread-13 :75701 [dir_watcher.py:_on_file_created():217] file/dir created: /Users/sripathisridhar/PycharmProjects/tau-av/wandb/run-20211218_193930-1op88x0v/files/requirements.txt
2021-12-18 19:39:34,792 INFO    Thread-13 :75701 [dir_watcher.py:_on_file_created():217] file/dir created: /Users/sripathisridhar/PycharmProjects/tau-av/wandb/run-20211218_193930-1op88x0v/files/conda-environment.yaml
2021-12-18 19:39:36,133 DEBUG   HandlerThread:75701 [meta.py:_save_conda():89] save conda done
2021-12-18 19:39:36,133 DEBUG   HandlerThread:75701 [meta.py:probe():252] probe done
2021-12-18 19:39:36,146 DEBUG   SenderThread:75701 [sender.py:send():234] send: files
2021-12-18 19:39:36,147 INFO    SenderThread:75701 [sender.py:_save_file():939] saving file wandb-metadata.json with policy now
2021-12-18 19:39:36,158 DEBUG   HandlerThread:75701 [handler.py:handle_request():130] handle_request: stop_status
2021-12-18 19:39:36,159 DEBUG   SenderThread:75701 [sender.py:send_request():248] send_request: stop_status
2021-12-18 19:39:36,795 INFO    Thread-13 :75701 [dir_watcher.py:_on_file_modified():230] file/dir modified: /Users/sripathisridhar/PycharmProjects/tau-av/wandb/run-20211218_193930-1op88x0v/files/conda-environment.yaml
2021-12-18 19:39:36,796 INFO    Thread-13 :75701 [dir_watcher.py:_on_file_created():217] file/dir created: /Users/sripathisridhar/PycharmProjects/tau-av/wandb/run-20211218_193930-1op88x0v/files/output.log
2021-12-18 19:39:36,796 INFO    Thread-13 :75701 [dir_watcher.py:_on_file_created():217] file/dir created: /Users/sripathisridhar/PycharmProjects/tau-av/wandb/run-20211218_193930-1op88x0v/files/wandb-metadata.json
2021-12-18 19:39:37,270 INFO    Thread-16 :75701 [upload_job.py:push():137] Uploaded file /var/folders/zc/r6c0njx14cn_6hhjndb7nn_r0000gn/T/tmpjnrwh36swandb/1k7i12ki-wandb-metadata.json
2021-12-18 19:39:51,464 DEBUG   HandlerThread:75701 [handler.py:handle_request():130] handle_request: stop_status
2021-12-18 19:39:51,465 DEBUG   SenderThread:75701 [sender.py:send_request():248] send_request: stop_status
2021-12-18 19:40:02,637 DEBUG   SenderThread:75701 [sender.py:send():234] send: stats
2021-12-18 19:40:06,621 DEBUG   HandlerThread:75701 [handler.py:handle_request():130] handle_request: stop_status
2021-12-18 19:40:06,622 DEBUG   SenderThread:75701 [sender.py:send_request():248] send_request: stop_status
2021-12-18 19:40:12,917 INFO    Thread-13 :75701 [dir_watcher.py:_on_file_modified():230] file/dir modified: /Users/sripathisridhar/PycharmProjects/tau-av/wandb/run-20211218_193930-1op88x0v/files/output.log
2021-12-18 19:40:14,926 INFO    Thread-13 :75701 [dir_watcher.py:_on_file_modified():230] file/dir modified: /Users/sripathisridhar/PycharmProjects/tau-av/wandb/run-20211218_193930-1op88x0v/files/output.log
2021-12-18 19:40:21,779 DEBUG   HandlerThread:75701 [handler.py:handle_request():130] handle_request: stop_status
2021-12-18 19:40:21,779 DEBUG   SenderThread:75701 [sender.py:send_request():248] send_request: stop_status
2021-12-18 19:40:33,510 DEBUG   SenderThread:75701 [sender.py:send():234] send: stats
2021-12-18 19:40:36,942 DEBUG   HandlerThread:75701 [handler.py:handle_request():130] handle_request: stop_status
2021-12-18 19:40:36,943 DEBUG   SenderThread:75701 [sender.py:send_request():248] send_request: stop_status
2021-12-18 19:40:45,026 INFO    Thread-13 :75701 [dir_watcher.py:_on_file_modified():230] file/dir modified: /Users/sripathisridhar/PycharmProjects/tau-av/wandb/run-20211218_193930-1op88x0v/files/output.log
2021-12-18 19:40:52,330 DEBUG   HandlerThread:75701 [handler.py:handle_request():130] handle_request: stop_status
2021-12-18 19:40:52,331 DEBUG   SenderThread:75701 [sender.py:send_request():248] send_request: stop_status
2021-12-18 19:41:04,327 DEBUG   SenderThread:75701 [sender.py:send():234] send: stats
2021-12-18 19:41:07,562 DEBUG   HandlerThread:75701 [handler.py:handle_request():130] handle_request: stop_status
2021-12-18 19:41:07,562 DEBUG   SenderThread:75701 [sender.py:send_request():248] send_request: stop_status
2021-12-18 19:41:22,743 DEBUG   HandlerThread:75701 [handler.py:handle_request():130] handle_request: stop_status
2021-12-18 19:41:22,744 DEBUG   SenderThread:75701 [sender.py:send_request():248] send_request: stop_status
2021-12-18 19:41:35,205 DEBUG   SenderThread:75701 [sender.py:send():234] send: stats
2021-12-18 19:41:37,912 DEBUG   HandlerThread:75701 [handler.py:handle_request():130] handle_request: stop_status
2021-12-18 19:41:37,912 DEBUG   SenderThread:75701 [sender.py:send_request():248] send_request: stop_status
2021-12-18 19:41:53,069 DEBUG   HandlerThread:75701 [handler.py:handle_request():130] handle_request: stop_status
2021-12-18 19:41:53,070 DEBUG   SenderThread:75701 [sender.py:send_request():248] send_request: stop_status
2021-12-18 19:42:06,053 DEBUG   SenderThread:75701 [sender.py:send():234] send: stats
2021-12-18 19:42:08,051 DEBUG   HandlerThread:75701 [handler.py:handle_request():130] handle_request: stop_status
2021-12-18 19:42:08,051 DEBUG   SenderThread:75701 [sender.py:send_request():248] send_request: stop_status
2021-12-18 19:42:23,234 DEBUG   HandlerThread:75701 [handler.py:handle_request():130] handle_request: stop_status
2021-12-18 19:42:23,234 DEBUG   SenderThread:75701 [sender.py:send_request():248] send_request: stop_status
2021-12-18 19:44:21,155 DEBUG   SenderThread:75701 [sender.py:send():234] send: stats
2021-12-18 19:44:21,262 DEBUG   HandlerThread:75701 [handler.py:handle_request():130] handle_request: stop_status
2021-12-18 19:44:21,263 DEBUG   SenderThread:75701 [sender.py:send_request():248] send_request: stop_status
2021-12-18 19:44:24,836 ERROR   SenderThread:75701 [retry.py:__call__():126] Retry attempt failed:
Traceback (most recent call last):
  File "/Users/sripathisridhar/opt/anaconda3/envs/tau-torch/lib/python3.9/site-packages/urllib3/connection.py", line 174, in _new_conn
    conn = connection.create_connection(
  File "/Users/sripathisridhar/opt/anaconda3/envs/tau-torch/lib/python3.9/site-packages/urllib3/util/connection.py", line 73, in create_connection
    for res in socket.getaddrinfo(host, port, family, socket.SOCK_STREAM):
  File "/Users/sripathisridhar/opt/anaconda3/envs/tau-torch/lib/python3.9/socket.py", line 954, in getaddrinfo
    for res in _socket.getaddrinfo(host, port, family, type, proto, flags):
socket.gaierror: [Errno 8] nodename nor servname provided, or not known

During handling of the above exception, another exception occurred:

Traceback (most recent call last):
  File "/Users/sripathisridhar/opt/anaconda3/envs/tau-torch/lib/python3.9/site-packages/urllib3/connectionpool.py", line 699, in urlopen
    httplib_response = self._make_request(
  File "/Users/sripathisridhar/opt/anaconda3/envs/tau-torch/lib/python3.9/site-packages/urllib3/connectionpool.py", line 382, in _make_request
    self._validate_conn(conn)
  File "/Users/sripathisridhar/opt/anaconda3/envs/tau-torch/lib/python3.9/site-packages/urllib3/connectionpool.py", line 1010, in _validate_conn
    conn.connect()
  File "/Users/sripathisridhar/opt/anaconda3/envs/tau-torch/lib/python3.9/site-packages/urllib3/connection.py", line 358, in connect
    conn = self._new_conn()
  File "/Users/sripathisridhar/opt/anaconda3/envs/tau-torch/lib/python3.9/site-packages/urllib3/connection.py", line 186, in _new_conn
    raise NewConnectionError(
urllib3.exceptions.NewConnectionError: <urllib3.connection.HTTPSConnection object at 0x1231377f0>: Failed to establish a new connection: [Errno 8] nodename nor servname provided, or not known

During handling of the above exception, another exception occurred:

Traceback (most recent call last):
  File "/Users/sripathisridhar/opt/anaconda3/envs/tau-torch/lib/python3.9/site-packages/requests/adapters.py", line 439, in send
    resp = conn.urlopen(
  File "/Users/sripathisridhar/opt/anaconda3/envs/tau-torch/lib/python3.9/site-packages/urllib3/connectionpool.py", line 755, in urlopen
    retries = retries.increment(
  File "/Users/sripathisridhar/opt/anaconda3/envs/tau-torch/lib/python3.9/site-packages/urllib3/util/retry.py", line 574, in increment
    raise MaxRetryError(_pool, url, error or ResponseError(cause))
urllib3.exceptions.MaxRetryError: HTTPSConnectionPool(host='api.wandb.ai', port=443): Max retries exceeded with url: /graphql (Caused by NewConnectionError('<urllib3.connection.HTTPSConnection object at 0x1231377f0>: Failed to establish a new connection: [Errno 8] nodename nor servname provided, or not known'))

During handling of the above exception, another exception occurred:

Traceback (most recent call last):
  File "/Users/sripathisridhar/opt/anaconda3/envs/tau-torch/lib/python3.9/site-packages/wandb/sdk/lib/retry.py", line 102, in __call__
    result = self._call_fn(*args, **kwargs)
  File "/Users/sripathisridhar/opt/anaconda3/envs/tau-torch/lib/python3.9/site-packages/wandb/sdk/internal/internal_api.py", line 141, in execute
    return self.client.execute(*args, **kwargs)
  File "/Users/sripathisridhar/opt/anaconda3/envs/tau-torch/lib/python3.9/site-packages/wandb/vendor/gql-0.2.0/gql/client.py", line 52, in execute
    result = self._get_result(document, *args, **kwargs)
  File "/Users/sripathisridhar/opt/anaconda3/envs/tau-torch/lib/python3.9/site-packages/wandb/vendor/gql-0.2.0/gql/client.py", line 60, in _get_result
    return self.transport.execute(document, *args, **kwargs)
  File "/Users/sripathisridhar/opt/anaconda3/envs/tau-torch/lib/python3.9/site-packages/wandb/vendor/gql-0.2.0/gql/transport/requests.py", line 38, in execute
    request = requests.post(self.url, **post_args)
  File "/Users/sripathisridhar/opt/anaconda3/envs/tau-torch/lib/python3.9/site-packages/requests/api.py", line 117, in post
    return request('post', url, data=data, json=json, **kwargs)
  File "/Users/sripathisridhar/opt/anaconda3/envs/tau-torch/lib/python3.9/site-packages/requests/api.py", line 61, in request
    return session.request(method=method, url=url, **kwargs)
  File "/Users/sripathisridhar/opt/anaconda3/envs/tau-torch/lib/python3.9/site-packages/requests/sessions.py", line 542, in request
    resp = self.send(prep, **send_kwargs)
  File "/Users/sripathisridhar/opt/anaconda3/envs/tau-torch/lib/python3.9/site-packages/requests/sessions.py", line 655, in send
    r = adapter.send(request, **kwargs)
  File "/Users/sripathisridhar/opt/anaconda3/envs/tau-torch/lib/python3.9/site-packages/requests/adapters.py", line 516, in send
    raise ConnectionError(e, request=request)
requests.exceptions.ConnectionError: HTTPSConnectionPool(host='api.wandb.ai', port=443): Max retries exceeded with url: /graphql (Caused by NewConnectionError('<urllib3.connection.HTTPSConnection object at 0x1231377f0>: Failed to establish a new connection: [Errno 8] nodename nor servname provided, or not known'))
2021-12-18 19:44:37,005 WARNING FileStreamThread:75701 [file_stream.py:request_with_retry():594] requests_with_retry encountered retryable exception: HTTPSConnectionPool(host='api.wandb.ai', port=443): Read timed out. (read timeout=None). func: <bound method Session.post of <requests.sessions.Session object at 0x123116070>>, args: ('https://api.wandb.ai/files/sripathi/tau-av/1op88x0v/file_stream',), kwargs: {'json': {'complete': False, 'failed': False, 'dropped': 0, 'uploaded': []}}
2021-12-18 19:44:39,463 WARNING FileStreamThread:75701 [file_stream.py:request_with_retry():594] requests_with_retry encountered retryable exception: HTTPSConnectionPool(host='api.wandb.ai', port=443): Max retries exceeded with url: /files/sripathi/tau-av/1op88x0v/file_stream (Caused by NewConnectionError('<urllib3.connection.HTTPSConnection object at 0x12314dca0>: Failed to establish a new connection: [Errno 8] nodename nor servname provided, or not known')). func: <bound method Session.post of <requests.sessions.Session object at 0x123116070>>, args: ('https://api.wandb.ai/files/sripathi/tau-av/1op88x0v/file_stream',), kwargs: {'json': {'complete': False, 'failed': False, 'dropped': 0, 'uploaded': []}}
2021-12-18 19:44:41,270 DEBUG   HandlerThread:75701 [handler.py:handle_request():130] handle_request: stop_status
2021-12-18 19:44:43,828 WARNING FileStreamThread:75701 [file_stream.py:request_with_retry():594] requests_with_retry encountered retryable exception: HTTPSConnectionPool(host='api.wandb.ai', port=443): Max retries exceeded with url: /files/sripathi/tau-av/1op88x0v/file_stream (Caused by NewConnectionError('<urllib3.connection.HTTPSConnection object at 0x12314d3a0>: Failed to establish a new connection: [Errno 8] nodename nor servname provided, or not known')). func: <bound method Session.post of <requests.sessions.Session object at 0x123116070>>, args: ('https://api.wandb.ai/files/sripathi/tau-av/1op88x0v/file_stream',), kwargs: {'json': {'complete': False, 'failed': False, 'dropped': 0, 'uploaded': []}}
2021-12-18 20:01:00,075 WARNING FileStreamThread:75701 [file_stream.py:request_with_retry():594] requests_with_retry encountered retryable exception: HTTPSConnectionPool(host='api.wandb.ai', port=443): Max retries exceeded with url: /files/sripathi/tau-av/1op88x0v/file_stream (Caused by NewConnectionError('<urllib3.connection.HTTPSConnection object at 0x12314d640>: Failed to establish a new connection: [Errno 8] nodename nor servname provided, or not known')). func: <bound method Session.post of <requests.sessions.Session object at 0x123116070>>, args: ('https://api.wandb.ai/files/sripathi/tau-av/1op88x0v/file_stream',), kwargs: {'json': {'complete': False, 'failed': False, 'dropped': 0, 'uploaded': []}}
2021-12-18 20:01:09,162 DEBUG   HandlerThread:75701 [handler.py:handle_request():130] handle_request: stop_status
2021-12-18 20:01:29,904 DEBUG   HandlerThread:75701 [handler.py:handle_request():130] handle_request: stop_status
2021-12-18 20:02:09,470 DEBUG   SenderThread:75701 [sender.py:send_request():248] send_request: stop_status
2021-12-18 20:02:09,666 DEBUG   SenderThread:75701 [sender.py:send():234] send: stats
2021-12-18 20:02:09,666 DEBUG   SenderThread:75701 [sender.py:send_request():248] send_request: stop_status
2021-12-18 20:02:09,870 DEBUG   SenderThread:75701 [sender.py:send_request():248] send_request: stop_status
2021-12-18 20:02:10,408 DEBUG   SenderThread:75701 [sender.py:send():234] send: stats
2021-12-18 20:56:05,071 DEBUG   HandlerThread:75701 [handler.py:handle_request():130] handle_request: stop_status
2021-12-18 20:56:05,071 DEBUG   SenderThread:75701 [sender.py:send_request():248] send_request: stop_status
2021-12-18 22:17:11,563 DEBUG   HandlerThread:75701 [handler.py:handle_request():130] handle_request: stop_status
2021-12-18 22:17:11,569 DEBUG   SenderThread:75701 [sender.py:send_request():248] send_request: stop_status
2021-12-18 22:17:12,850 DEBUG   SenderThread:75701 [sender.py:send():234] send: stats
2021-12-18 22:17:12,941 WARNING FileStreamThread:75701 [file_stream.py:request_with_retry():594] requests_with_retry encountered retryable exception: ('Connection aborted.', ConnectionResetError(54, 'Connection reset by peer')). func: <bound method Session.post of <requests.sessions.Session object at 0x123116070>>, args: ('https://api.wandb.ai/files/sripathi/tau-av/1op88x0v/file_stream',), kwargs: {'json': {'files': {'wandb-events.jsonl': {'offset': 7, 'content': ['{"system.cpu": 31.97, "system.memory": 64.36, "system.disk": 39.3, "system.proc.memory.availableMB": 5838.88, "system.proc.memory.rssMB": 47.22, "system.proc.memory.percent": 0.29, "system.proc.cpu.threads": 17.0, "system.network.sent": 562176, "system.network.recv": 20441088, "_wandb": true, "_timestamp": 1639875693, "_runtime": 1322}', '{"system.cpu": 39.37, "system.memory": 67.49, "system.disk": 38.95, "system.proc.memory.availableMB": 5326.71, "system.proc.memory.rssMB": 47.84, "system.proc.memory.percent": 0.29, "system.proc.cpu.threads": 17.0, "system.network.sent": 1028096, "system.network.recv": 21459968, "_wandb": true, "_timestamp": 1639883832, "_runtime": 9461}']}}, 'dropped': 0}}
2021-12-19 00:39:11,461 DEBUG   HandlerThread:75701 [handler.py:handle_request():130] handle_request: stop_status
2021-12-19 00:39:11,469 DEBUG   SenderThread:75701 [sender.py:send_request():248] send_request: stop_status
2021-12-19 00:39:13,328 WARNING FileStreamThread:75701 [file_stream.py:request_with_retry():594] requests_with_retry encountered retryable exception: ('Connection aborted.', ConnectionResetError(54, 'Connection reset by peer')). func: <bound method Session.post of <requests.sessions.Session object at 0x123116070>>, args: ('https://api.wandb.ai/files/sripathi/tau-av/1op88x0v/file_stream',), kwargs: {'json': {'complete': False, 'failed': False, 'dropped': 0, 'uploaded': []}}
2021-12-19 00:44:36,480 DEBUG   HandlerThread:75701 [handler.py:handle_request():130] handle_request: stop_status
2021-12-19 00:44:36,486 DEBUG   SenderThread:75701 [sender.py:send_request():248] send_request: stop_status
2021-12-19 00:44:44,094 DEBUG   SenderThread:75701 [sender.py:send():234] send: stats
2021-12-19 01:38:46,080 DEBUG   HandlerThread:75701 [handler.py:handle_request():130] handle_request: stop_status
2021-12-19 01:38:46,463 DEBUG   SenderThread:75701 [sender.py:send_request():248] send_request: stop_status
2021-12-19 01:38:51,281 WARNING FileStreamThread:75701 [file_stream.py:request_with_retry():594] requests_with_retry encountered retryable exception: ('Connection aborted.', ConnectionResetError(54, 'Connection reset by peer')). func: <bound method Session.post of <requests.sessions.Session object at 0x123116070>>, args: ('https://api.wandb.ai/files/sripathi/tau-av/1op88x0v/file_stream',), kwargs: {'json': {'complete': False, 'failed': False, 'dropped': 0, 'uploaded': []}}
2021-12-19 02:08:12,743 DEBUG   HandlerThread:75701 [handler.py:handle_request():130] handle_request: stop_status
2021-12-19 02:08:12,804 DEBUG   SenderThread:75701 [sender.py:send_request():248] send_request: stop_status
2021-12-19 02:08:16,242 WARNING FileStreamThread:75701 [file_stream.py:request_with_retry():594] requests_with_retry encountered retryable exception: ('Connection aborted.', ConnectionResetError(54, 'Connection reset by peer')). func: <bound method Session.post of <requests.sessions.Session object at 0x123116070>>, args: ('https://api.wandb.ai/files/sripathi/tau-av/1op88x0v/file_stream',), kwargs: {'json': {'complete': False, 'failed': False, 'dropped': 0, 'uploaded': []}}
2021-12-19 02:08:23,476 DEBUG   SenderThread:75701 [sender.py:send():234] send: stats
2021-12-19 03:02:19,995 DEBUG   HandlerThread:75701 [handler.py:handle_request():130] handle_request: stop_status
2021-12-19 03:02:20,011 DEBUG   SenderThread:75701 [sender.py:send_request():248] send_request: stop_status
2021-12-19 03:56:29,066 DEBUG   HandlerThread:75701 [handler.py:handle_request():130] handle_request: stop_status
2021-12-19 03:56:29,087 DEBUG   SenderThread:75701 [sender.py:send_request():248] send_request: stop_status
2021-12-19 03:56:30,444 WARNING FileStreamThread:75701 [file_stream.py:request_with_retry():594] requests_with_retry encountered retryable exception: ('Connection aborted.', ConnectionResetError(54, 'Connection reset by peer')). func: <bound method Session.post of <requests.sessions.Session object at 0x123116070>>, args: ('https://api.wandb.ai/files/sripathi/tau-av/1op88x0v/file_stream',), kwargs: {'json': {'complete': False, 'failed': False, 'dropped': 0, 'uploaded': []}}
2021-12-19 04:50:35,079 DEBUG   HandlerThread:75701 [handler.py:handle_request():130] handle_request: stop_status
2021-12-19 04:50:35,085 DEBUG   SenderThread:75701 [sender.py:send_request():248] send_request: stop_status
2021-12-19 04:50:40,687 DEBUG   SenderThread:75701 [sender.py:send():234] send: stats
2021-12-19 04:50:40,721 WARNING FileStreamThread:75701 [file_stream.py:request_with_retry():594] requests_with_retry encountered retryable exception: ('Connection aborted.', ConnectionResetError(54, 'Connection reset by peer')). func: <bound method Session.post of <requests.sessions.Session object at 0x123116070>>, args: ('https://api.wandb.ai/files/sripathi/tau-av/1op88x0v/file_stream',), kwargs: {'json': {'files': {'wandb-events.jsonl': {'offset': 11, 'content': ['{"system.cpu": 48.64, "system.memory": 43.77, "system.disk": 42.26, "system.proc.memory.availableMB": 9212.91, "system.proc.memory.rssMB": 18.44, "system.proc.memory.percent": 0.11, "system.proc.cpu.threads": 17.0, "system.network.sent": 2415616, "system.network.recv": 23780352, "_wandb": true, "_timestamp": 1639907440, "_runtime": 33069}']}}, 'dropped': 0}}
2021-12-19 04:50:52,063 DEBUG   HandlerThread:75701 [handler.py:handle_request():130] handle_request: stop_status
2021-12-19 04:50:52,065 DEBUG   SenderThread:75701 [sender.py:send_request():248] send_request: stop_status
2021-12-19 05:44:43,819 DEBUG   HandlerThread:75701 [handler.py:handle_request():130] handle_request: stop_status
2021-12-19 05:44:43,831 DEBUG   SenderThread:75701 [sender.py:send_request():248] send_request: stop_status
2021-12-19 05:44:46,260 WARNING FileStreamThread:75701 [file_stream.py:request_with_retry():594] requests_with_retry encountered retryable exception: ('Connection aborted.', ConnectionResetError(54, 'Connection reset by peer')). func: <bound method Session.post of <requests.sessions.Session object at 0x123116070>>, args: ('https://api.wandb.ai/files/sripathi/tau-av/1op88x0v/file_stream',), kwargs: {'json': {'complete': False, 'failed': False, 'dropped': 0, 'uploaded': []}}
2021-12-19 05:44:51,058 DEBUG   SenderThread:75701 [sender.py:send():234] send: stats
2021-12-19 05:50:09,027 DEBUG   HandlerThread:75701 [handler.py:handle_request():130] handle_request: stop_status
2021-12-19 05:50:09,039 DEBUG   SenderThread:75701 [sender.py:send_request():248] send_request: stop_status
2021-12-19 05:50:26,337 DEBUG   HandlerThread:75701 [handler.py:handle_request():130] handle_request: stop_status
2021-12-19 05:50:26,338 DEBUG   SenderThread:75701 [sender.py:send_request():248] send_request: stop_status
2021-12-19 05:50:37,589 DEBUG   SenderThread:75701 [sender.py:send():234] send: stats
2021-12-19 06:30:04,953 DEBUG   HandlerThread:75701 [handler.py:handle_request():130] handle_request: stop_status
2021-12-19 06:30:04,992 DEBUG   SenderThread:75701 [sender.py:send_request():248] send_request: stop_status
2021-12-19 06:30:24,689 DEBUG   HandlerThread:75701 [handler.py:handle_request():130] handle_request: stop_status
2021-12-19 06:30:24,690 DEBUG   SenderThread:75701 [sender.py:send_request():248] send_request: stop_status
2021-12-19 06:30:25,904 WARNING FileStreamThread:75701 [file_stream.py:request_with_retry():594] requests_with_retry encountered retryable exception: ('Connection aborted.', ConnectionResetError(54, 'Connection reset by peer')). func: <bound method Session.post of <requests.sessions.Session object at 0x123116070>>, args: ('https://api.wandb.ai/files/sripathi/tau-av/1op88x0v/file_stream',), kwargs: {'json': {'complete': False, 'failed': False, 'dropped': 0, 'uploaded': []}}
2021-12-19 06:30:36,372 DEBUG   SenderThread:75701 [sender.py:send():234] send: stats
2021-12-19 06:45:40,612 DEBUG   HandlerThread:75701 [handler.py:handle_request():130] handle_request: stop_status
2021-12-19 06:45:40,613 DEBUG   SenderThread:75701 [sender.py:send_request():248] send_request: stop_status
2021-12-19 06:45:56,107 DEBUG   HandlerThread:75701 [handler.py:handle_request():130] handle_request: stop_status
2021-12-19 06:45:56,110 DEBUG   SenderThread:75701 [sender.py:send_request():248] send_request: stop_status
2021-12-19 06:46:07,182 WARNING FileStreamThread:75701 [file_stream.py:request_with_retry():594] requests_with_retry encountered retryable exception: ('Connection aborted.', ConnectionResetError(54, 'Connection reset by peer')). func: <bound method Session.post of <requests.sessions.Session object at 0x123116070>>, args: ('https://api.wandb.ai/files/sripathi/tau-av/1op88x0v/file_stream',), kwargs: {'json': {'complete': False, 'failed': False, 'dropped': 0, 'uploaded': []}}
2021-12-19 06:46:08,841 DEBUG   SenderThread:75701 [sender.py:send():234] send: stats
2021-12-19 07:39:45,994 DEBUG   HandlerThread:75701 [handler.py:handle_request():130] handle_request: stop_status
2021-12-19 07:39:45,994 DEBUG   SenderThread:75701 [sender.py:send_request():248] send_request: stop_status
2021-12-19 07:43:45,265 DEBUG   HandlerThread:75701 [handler.py:handle_request():130] handle_request: stop_status
2021-12-19 07:43:45,266 DEBUG   SenderThread:75701 [sender.py:send_request():248] send_request: stop_status
2021-12-19 12:13:36,113 DEBUG   SenderThread:75701 [sender.py:send():234] send: stats
2021-12-19 12:13:38,063 WARNING FileStreamThread:75701 [file_stream.py:request_with_retry():594] requests_with_retry encountered retryable exception: ('Connection aborted.', ConnectionResetError(54, 'Connection reset by peer')). func: <bound method Session.post of <requests.sessions.Session object at 0x123116070>>, args: ('https://api.wandb.ai/files/sripathi/tau-av/1op88x0v/file_stream',), kwargs: {'json': {'complete': False, 'failed': False, 'dropped': 0, 'uploaded': []}}
2021-12-19 12:13:42,871 DEBUG   HandlerThread:75701 [handler.py:handle_request():130] handle_request: stop_status
2021-12-19 12:13:42,872 DEBUG   SenderThread:75701 [sender.py:send_request():248] send_request: stop_status
2021-12-19 12:13:59,874 DEBUG   HandlerThread:75701 [handler.py:handle_request():130] handle_request: stop_status
2021-12-19 12:13:59,874 DEBUG   SenderThread:75701 [sender.py:send_request():248] send_request: stop_status
2021-12-19 12:14:08,824 DEBUG   SenderThread:75701 [sender.py:send():234] send: stats
2021-12-19 12:14:15,081 DEBUG   HandlerThread:75701 [handler.py:handle_request():130] handle_request: stop_status
2021-12-19 12:14:15,082 DEBUG   SenderThread:75701 [sender.py:send_request():248] send_request: stop_status
2021-12-19 12:18:53,494 DEBUG   HandlerThread:75701 [handler.py:handle_request():130] handle_request: stop_status
2021-12-19 12:18:53,494 DEBUG   SenderThread:75701 [sender.py:send_request():248] send_request: stop_status
2021-12-19 12:19:03,855 DEBUG   SenderThread:75701 [sender.py:send():234] send: stats
2021-12-19 12:19:08,908 DEBUG   HandlerThread:75701 [handler.py:handle_request():130] handle_request: stop_status
2021-12-19 12:19:08,909 DEBUG   SenderThread:75701 [sender.py:send_request():248] send_request: stop_status
2021-12-19 12:19:24,242 DEBUG   HandlerThread:75701 [handler.py:handle_request():130] handle_request: stop_status
2021-12-19 12:19:24,242 DEBUG   SenderThread:75701 [sender.py:send_request():248] send_request: stop_status
2021-12-19 12:19:34,659 DEBUG   SenderThread:75701 [sender.py:send():234] send: stats
2021-12-19 12:19:39,501 DEBUG   HandlerThread:75701 [handler.py:handle_request():130] handle_request: stop_status
2021-12-19 12:19:39,502 DEBUG   SenderThread:75701 [sender.py:send_request():248] send_request: stop_status
2021-12-19 12:19:54,770 DEBUG   HandlerThread:75701 [handler.py:handle_request():130] handle_request: stop_status
2021-12-19 12:19:54,771 DEBUG   SenderThread:75701 [sender.py:send_request():248] send_request: stop_status
2021-12-19 12:20:05,372 DEBUG   SenderThread:75701 [sender.py:send():234] send: stats
2021-12-19 12:20:10,062 DEBUG   HandlerThread:75701 [handler.py:handle_request():130] handle_request: stop_status
2021-12-19 12:20:10,063 DEBUG   SenderThread:75701 [sender.py:send_request():248] send_request: stop_status
2021-12-19 12:20:25,277 DEBUG   HandlerThread:75701 [handler.py:handle_request():130] handle_request: stop_status
2021-12-19 12:20:25,277 DEBUG   SenderThread:75701 [sender.py:send_request():248] send_request: stop_status
2021-12-19 12:20:36,264 DEBUG   SenderThread:75701 [sender.py:send():234] send: stats
2021-12-19 12:20:40,513 DEBUG   HandlerThread:75701 [handler.py:handle_request():130] handle_request: stop_status
2021-12-19 12:20:40,513 DEBUG   SenderThread:75701 [sender.py:send_request():248] send_request: stop_status
2021-12-19 12:20:55,751 DEBUG   HandlerThread:75701 [handler.py:handle_request():130] handle_request: stop_status
2021-12-19 12:20:55,751 DEBUG   SenderThread:75701 [sender.py:send_request():248] send_request: stop_status
2021-12-19 12:21:07,181 DEBUG   SenderThread:75701 [sender.py:send():234] send: stats
2021-12-19 12:21:10,949 DEBUG   HandlerThread:75701 [handler.py:handle_request():130] handle_request: stop_status
2021-12-19 12:21:10,949 DEBUG   SenderThread:75701 [sender.py:send_request():248] send_request: stop_status
2021-12-19 12:21:26,153 DEBUG   HandlerThread:75701 [handler.py:handle_request():130] handle_request: stop_status
2021-12-19 12:21:26,154 DEBUG   SenderThread:75701 [sender.py:send_request():248] send_request: stop_status
2021-12-19 12:21:38,089 DEBUG   SenderThread:75701 [sender.py:send():234] send: stats
2021-12-19 12:21:41,362 DEBUG   HandlerThread:75701 [handler.py:handle_request():130] handle_request: stop_status
2021-12-19 12:21:41,362 DEBUG   SenderThread:75701 [sender.py:send_request():248] send_request: stop_status
2021-12-19 12:21:56,564 DEBUG   HandlerThread:75701 [handler.py:handle_request():130] handle_request: stop_status
2021-12-19 12:21:56,565 DEBUG   SenderThread:75701 [sender.py:send_request():248] send_request: stop_status
2021-12-19 12:22:08,875 DEBUG   SenderThread:75701 [sender.py:send():234] send: stats
2021-12-19 12:22:11,751 DEBUG   HandlerThread:75701 [handler.py:handle_request():130] handle_request: stop_status
2021-12-19 12:22:11,752 DEBUG   SenderThread:75701 [sender.py:send_request():248] send_request: stop_status
2021-12-19 12:22:26,958 DEBUG   HandlerThread:75701 [handler.py:handle_request():130] handle_request: stop_status
2021-12-19 12:22:26,959 DEBUG   SenderThread:75701 [sender.py:send_request():248] send_request: stop_status
2021-12-19 12:22:39,502 DEBUG   SenderThread:75701 [sender.py:send():234] send: stats
2021-12-19 12:22:42,189 DEBUG   HandlerThread:75701 [handler.py:handle_request():130] handle_request: stop_status
2021-12-19 12:22:42,190 DEBUG   SenderThread:75701 [sender.py:send_request():248] send_request: stop_status
2021-12-19 12:22:57,398 DEBUG   HandlerThread:75701 [handler.py:handle_request():130] handle_request: stop_status
2021-12-19 12:22:57,399 DEBUG   SenderThread:75701 [sender.py:send_request():248] send_request: stop_status
2021-12-19 12:23:10,007 DEBUG   SenderThread:75701 [sender.py:send():234] send: stats
2021-12-19 12:23:12,605 DEBUG   HandlerThread:75701 [handler.py:handle_request():130] handle_request: stop_status
2021-12-19 12:23:12,605 DEBUG   SenderThread:75701 [sender.py:send_request():248] send_request: stop_status
2021-12-19 12:23:27,797 DEBUG   HandlerThread:75701 [handler.py:handle_request():130] handle_request: stop_status
2021-12-19 12:23:27,797 DEBUG   SenderThread:75701 [sender.py:send_request():248] send_request: stop_status
2021-12-19 12:23:40,517 DEBUG   SenderThread:75701 [sender.py:send():234] send: stats
2021-12-19 12:23:43,093 DEBUG   HandlerThread:75701 [handler.py:handle_request():130] handle_request: stop_status
2021-12-19 12:23:43,093 DEBUG   SenderThread:75701 [sender.py:send_request():248] send_request: stop_status
2021-12-19 12:23:58,339 DEBUG   HandlerThread:75701 [handler.py:handle_request():130] handle_request: stop_status
2021-12-19 12:23:58,339 DEBUG   SenderThread:75701 [sender.py:send_request():248] send_request: stop_status
2021-12-19 12:24:11,097 DEBUG   SenderThread:75701 [sender.py:send():234] send: stats
2021-12-19 12:24:13,549 DEBUG   HandlerThread:75701 [handler.py:handle_request():130] handle_request: stop_status
2021-12-19 12:24:13,549 DEBUG   SenderThread:75701 [sender.py:send_request():248] send_request: stop_status
2021-12-19 12:24:28,753 DEBUG   HandlerThread:75701 [handler.py:handle_request():130] handle_request: stop_status
2021-12-19 12:24:28,754 DEBUG   SenderThread:75701 [sender.py:send_request():248] send_request: stop_status
2021-12-19 12:24:41,837 DEBUG   SenderThread:75701 [sender.py:send():234] send: stats
2021-12-19 12:24:43,972 DEBUG   HandlerThread:75701 [handler.py:handle_request():130] handle_request: stop_status
2021-12-19 12:24:43,972 DEBUG   SenderThread:75701 [sender.py:send_request():248] send_request: stop_status
2021-12-19 12:24:59,181 DEBUG   HandlerThread:75701 [handler.py:handle_request():130] handle_request: stop_status
2021-12-19 12:24:59,183 DEBUG   SenderThread:75701 [sender.py:send_request():248] send_request: stop_status
2021-12-19 12:25:12,657 DEBUG   SenderThread:75701 [sender.py:send():234] send: stats
2021-12-19 12:25:14,504 DEBUG   HandlerThread:75701 [handler.py:handle_request():130] handle_request: stop_status
2021-12-19 12:25:14,505 DEBUG   SenderThread:75701 [sender.py:send_request():248] send_request: stop_status
2021-12-19 12:25:29,711 DEBUG   HandlerThread:75701 [handler.py:handle_request():130] handle_request: stop_status
2021-12-19 12:25:29,712 DEBUG   SenderThread:75701 [sender.py:send_request():248] send_request: stop_status
2021-12-19 12:25:43,560 DEBUG   SenderThread:75701 [sender.py:send():234] send: stats
2021-12-19 12:25:44,910 DEBUG   HandlerThread:75701 [handler.py:handle_request():130] handle_request: stop_status
2021-12-19 12:25:44,910 DEBUG   SenderThread:75701 [sender.py:send_request():248] send_request: stop_status
2021-12-19 12:26:00,116 DEBUG   HandlerThread:75701 [handler.py:handle_request():130] handle_request: stop_status
2021-12-19 12:26:00,117 DEBUG   SenderThread:75701 [sender.py:send_request():248] send_request: stop_status
2021-12-19 12:26:14,388 DEBUG   SenderThread:75701 [sender.py:send():234] send: stats
2021-12-19 12:26:15,353 DEBUG   HandlerThread:75701 [handler.py:handle_request():130] handle_request: stop_status
2021-12-19 12:26:15,354 DEBUG   SenderThread:75701 [sender.py:send_request():248] send_request: stop_status
2021-12-19 12:26:30,552 DEBUG   HandlerThread:75701 [handler.py:handle_request():130] handle_request: stop_status
2021-12-19 12:26:30,553 DEBUG   SenderThread:75701 [sender.py:send_request():248] send_request: stop_status
2021-12-19 12:26:45,218 DEBUG   SenderThread:75701 [sender.py:send():234] send: stats
2021-12-19 12:26:45,780 DEBUG   HandlerThread:75701 [handler.py:handle_request():130] handle_request: stop_status
2021-12-19 12:26:45,781 DEBUG   SenderThread:75701 [sender.py:send_request():248] send_request: stop_status
2021-12-19 12:27:00,993 DEBUG   HandlerThread:75701 [handler.py:handle_request():130] handle_request: stop_status
2021-12-19 12:27:00,993 DEBUG   SenderThread:75701 [sender.py:send_request():248] send_request: stop_status
2021-12-19 12:27:16,103 DEBUG   SenderThread:75701 [sender.py:send():234] send: stats
2021-12-19 12:27:16,201 DEBUG   HandlerThread:75701 [handler.py:handle_request():130] handle_request: stop_status
2021-12-19 12:27:16,202 DEBUG   SenderThread:75701 [sender.py:send_request():248] send_request: stop_status
2021-12-19 12:27:31,398 DEBUG   HandlerThread:75701 [handler.py:handle_request():130] handle_request: stop_status
2021-12-19 12:27:31,399 DEBUG   SenderThread:75701 [sender.py:send_request():248] send_request: stop_status
2021-12-19 12:27:46,609 DEBUG   HandlerThread:75701 [handler.py:handle_request():130] handle_request: stop_status
2021-12-19 12:27:46,609 DEBUG   SenderThread:75701 [sender.py:send_request():248] send_request: stop_status
2021-12-19 12:27:47,042 DEBUG   SenderThread:75701 [sender.py:send():234] send: stats
2021-12-19 12:28:01,812 DEBUG   HandlerThread:75701 [handler.py:handle_request():130] handle_request: stop_status
2021-12-19 12:28:01,812 DEBUG   SenderThread:75701 [sender.py:send_request():248] send_request: stop_status
2021-12-19 12:28:17,019 DEBUG   HandlerThread:75701 [handler.py:handle_request():130] handle_request: stop_status
2021-12-19 12:28:17,020 DEBUG   SenderThread:75701 [sender.py:send_request():248] send_request: stop_status
2021-12-19 12:28:17,799 DEBUG   SenderThread:75701 [sender.py:send():234] send: stats
2021-12-19 12:28:32,223 DEBUG   HandlerThread:75701 [handler.py:handle_request():130] handle_request: stop_status
2021-12-19 12:28:32,223 DEBUG   SenderThread:75701 [sender.py:send_request():248] send_request: stop_status
2021-12-19 12:28:47,432 DEBUG   HandlerThread:75701 [handler.py:handle_request():130] handle_request: stop_status
2021-12-19 12:28:47,432 DEBUG   SenderThread:75701 [sender.py:send_request():248] send_request: stop_status
2021-12-19 12:28:48,337 DEBUG   SenderThread:75701 [sender.py:send():234] send: stats
2021-12-19 12:29:02,635 DEBUG   HandlerThread:75701 [handler.py:handle_request():130] handle_request: stop_status
2021-12-19 12:29:02,636 DEBUG   SenderThread:75701 [sender.py:send_request():248] send_request: stop_status
2021-12-19 12:29:17,849 DEBUG   HandlerThread:75701 [handler.py:handle_request():130] handle_request: stop_status
2021-12-19 12:29:17,850 DEBUG   SenderThread:75701 [sender.py:send_request():248] send_request: stop_status
2021-12-19 12:29:19,235 DEBUG   SenderThread:75701 [sender.py:send():234] send: stats
2021-12-19 12:29:33,055 DEBUG   HandlerThread:75701 [handler.py:handle_request():130] handle_request: stop_status
2021-12-19 12:29:33,056 DEBUG   SenderThread:75701 [sender.py:send_request():248] send_request: stop_status
2021-12-19 12:29:48,273 DEBUG   HandlerThread:75701 [handler.py:handle_request():130] handle_request: stop_status
2021-12-19 12:29:48,274 DEBUG   SenderThread:75701 [sender.py:send_request():248] send_request: stop_status
2021-12-19 12:29:49,875 DEBUG   SenderThread:75701 [sender.py:send():234] send: stats
2021-12-19 12:30:03,479 DEBUG   HandlerThread:75701 [handler.py:handle_request():130] handle_request: stop_status
2021-12-19 12:30:03,479 DEBUG   SenderThread:75701 [sender.py:send_request():248] send_request: stop_status
2021-12-19 12:30:18,690 DEBUG   HandlerThread:75701 [handler.py:handle_request():130] handle_request: stop_status
2021-12-19 12:30:18,690 DEBUG   SenderThread:75701 [sender.py:send_request():248] send_request: stop_status
2021-12-19 12:30:20,874 DEBUG   SenderThread:75701 [sender.py:send():234] send: stats
2021-12-19 12:30:33,901 DEBUG   HandlerThread:75701 [handler.py:handle_request():130] handle_request: stop_status
2021-12-19 12:30:33,901 DEBUG   SenderThread:75701 [sender.py:send_request():248] send_request: stop_status
2021-12-19 12:30:49,112 DEBUG   HandlerThread:75701 [handler.py:handle_request():130] handle_request: stop_status
2021-12-19 12:30:49,113 DEBUG   SenderThread:75701 [sender.py:send_request():248] send_request: stop_status
2021-12-19 12:30:51,898 DEBUG   SenderThread:75701 [sender.py:send():234] send: stats
2021-12-19 12:31:04,313 DEBUG   HandlerThread:75701 [handler.py:handle_request():130] handle_request: stop_status
2021-12-19 12:31:04,313 DEBUG   SenderThread:75701 [sender.py:send_request():248] send_request: stop_status
2021-12-19 12:31:19,531 DEBUG   HandlerThread:75701 [handler.py:handle_request():130] handle_request: stop_status
2021-12-19 12:31:19,531 DEBUG   SenderThread:75701 [sender.py:send_request():248] send_request: stop_status
2021-12-19 12:31:22,935 DEBUG   SenderThread:75701 [sender.py:send():234] send: stats
2021-12-19 12:31:34,746 DEBUG   HandlerThread:75701 [handler.py:handle_request():130] handle_request: stop_status
2021-12-19 12:31:34,747 DEBUG   SenderThread:75701 [sender.py:send_request():248] send_request: stop_status
2021-12-19 12:31:49,964 DEBUG   HandlerThread:75701 [handler.py:handle_request():130] handle_request: stop_status
2021-12-19 12:31:49,965 DEBUG   SenderThread:75701 [sender.py:send_request():248] send_request: stop_status
2021-12-19 12:31:54,176 DEBUG   SenderThread:75701 [sender.py:send():234] send: stats
2021-12-19 12:32:05,168 DEBUG   HandlerThread:75701 [handler.py:handle_request():130] handle_request: stop_status
2021-12-19 12:32:05,168 DEBUG   SenderThread:75701 [sender.py:send_request():248] send_request: stop_status
2021-12-19 12:32:20,381 DEBUG   HandlerThread:75701 [handler.py:handle_request():130] handle_request: stop_status
2021-12-19 12:32:20,381 DEBUG   SenderThread:75701 [sender.py:send_request():248] send_request: stop_status
2021-12-19 12:32:26,248 DEBUG   SenderThread:75701 [sender.py:send():234] send: stats
2021-12-19 12:32:35,602 DEBUG   HandlerThread:75701 [handler.py:handle_request():130] handle_request: stop_status
2021-12-19 12:32:35,603 DEBUG   SenderThread:75701 [sender.py:send_request():248] send_request: stop_status
2021-12-19 12:32:50,812 DEBUG   HandlerThread:75701 [handler.py:handle_request():130] handle_request: stop_status
2021-12-19 12:32:50,813 DEBUG   SenderThread:75701 [sender.py:send_request():248] send_request: stop_status
2021-12-19 12:32:58,387 DEBUG   SenderThread:75701 [sender.py:send():234] send: stats
2021-12-19 12:33:06,035 DEBUG   HandlerThread:75701 [handler.py:handle_request():130] handle_request: stop_status
2021-12-19 12:33:06,036 DEBUG   SenderThread:75701 [sender.py:send_request():248] send_request: stop_status
2021-12-19 12:33:21,247 DEBUG   HandlerThread:75701 [handler.py:handle_request():130] handle_request: stop_status
2021-12-19 12:33:21,248 DEBUG   SenderThread:75701 [sender.py:send_request():248] send_request: stop_status
2021-12-19 12:33:30,434 DEBUG   SenderThread:75701 [sender.py:send():234] send: stats
2021-12-19 12:33:36,448 DEBUG   HandlerThread:75701 [handler.py:handle_request():130] handle_request: stop_status
2021-12-19 12:33:36,448 DEBUG   SenderThread:75701 [sender.py:send_request():248] send_request: stop_status
2021-12-19 12:33:51,655 DEBUG   HandlerThread:75701 [handler.py:handle_request():130] handle_request: stop_status
2021-12-19 12:33:51,655 DEBUG   SenderThread:75701 [sender.py:send_request():248] send_request: stop_status
2021-12-19 12:34:01,371 DEBUG   SenderThread:75701 [sender.py:send():234] send: stats
2021-12-19 12:34:06,853 DEBUG   HandlerThread:75701 [handler.py:handle_request():130] handle_request: stop_status
2021-12-19 12:34:06,853 DEBUG   SenderThread:75701 [sender.py:send_request():248] send_request: stop_status
2021-12-19 12:34:22,066 DEBUG   HandlerThread:75701 [handler.py:handle_request():130] handle_request: stop_status
2021-12-19 12:34:22,066 DEBUG   SenderThread:75701 [sender.py:send_request():248] send_request: stop_status
2021-12-19 12:34:32,384 DEBUG   SenderThread:75701 [sender.py:send():234] send: stats
2021-12-19 12:34:37,269 DEBUG   HandlerThread:75701 [handler.py:handle_request():130] handle_request: stop_status
2021-12-19 12:34:37,269 DEBUG   SenderThread:75701 [sender.py:send_request():248] send_request: stop_status
2021-12-19 12:34:52,478 DEBUG   HandlerThread:75701 [handler.py:handle_request():130] handle_request: stop_status
2021-12-19 12:34:52,479 DEBUG   SenderThread:75701 [sender.py:send_request():248] send_request: stop_status
2021-12-19 12:35:03,435 DEBUG   SenderThread:75701 [sender.py:send():234] send: stats
2021-12-19 12:35:07,666 DEBUG   HandlerThread:75701 [handler.py:handle_request():130] handle_request: stop_status
2021-12-19 12:35:07,667 DEBUG   SenderThread:75701 [sender.py:send_request():248] send_request: stop_status
2021-12-19 12:35:22,863 DEBUG   HandlerThread:75701 [handler.py:handle_request():130] handle_request: stop_status
2021-12-19 12:35:22,864 DEBUG   SenderThread:75701 [sender.py:send_request():248] send_request: stop_status
2021-12-19 12:35:34,409 DEBUG   SenderThread:75701 [sender.py:send():234] send: stats
2021-12-19 12:35:38,062 DEBUG   HandlerThread:75701 [handler.py:handle_request():130] handle_request: stop_status
2021-12-19 12:35:38,062 DEBUG   SenderThread:75701 [sender.py:send_request():248] send_request: stop_status
2021-12-19 12:35:53,588 DEBUG   HandlerThread:75701 [handler.py:handle_request():130] handle_request: stop_status
2021-12-19 12:35:53,588 DEBUG   SenderThread:75701 [sender.py:send_request():248] send_request: stop_status
2021-12-19 12:36:05,381 DEBUG   SenderThread:75701 [sender.py:send():234] send: stats
2021-12-19 12:36:08,998 DEBUG   HandlerThread:75701 [handler.py:handle_request():130] handle_request: stop_status
2021-12-19 12:36:08,999 DEBUG   SenderThread:75701 [sender.py:send_request():248] send_request: stop_status
2021-12-19 12:36:24,233 DEBUG   HandlerThread:75701 [handler.py:handle_request():130] handle_request: stop_status
2021-12-19 12:36:24,239 DEBUG   SenderThread:75701 [sender.py:send_request():248] send_request: stop_status
2021-12-19 12:36:36,375 DEBUG   SenderThread:75701 [sender.py:send():234] send: stats
2021-12-19 12:36:39,441 DEBUG   HandlerThread:75701 [handler.py:handle_request():130] handle_request: stop_status
2021-12-19 12:36:39,443 DEBUG   SenderThread:75701 [sender.py:send_request():248] send_request: stop_status
2021-12-19 12:36:54,636 DEBUG   HandlerThread:75701 [handler.py:handle_request():130] handle_request: stop_status
2021-12-19 12:36:54,637 DEBUG   SenderThread:75701 [sender.py:send_request():248] send_request: stop_status
2021-12-19 12:37:07,269 DEBUG   SenderThread:75701 [sender.py:send():234] send: stats
2021-12-19 12:37:09,896 DEBUG   HandlerThread:75701 [handler.py:handle_request():130] handle_request: stop_status
2021-12-19 12:37:09,896 DEBUG   SenderThread:75701 [sender.py:send_request():248] send_request: stop_status
2021-12-19 12:37:25,124 DEBUG   HandlerThread:75701 [handler.py:handle_request():130] handle_request: stop_status
2021-12-19 12:37:25,124 DEBUG   SenderThread:75701 [sender.py:send_request():248] send_request: stop_status
2021-12-19 12:37:38,225 DEBUG   SenderThread:75701 [sender.py:send():234] send: stats
2021-12-19 12:37:40,361 DEBUG   HandlerThread:75701 [handler.py:handle_request():130] handle_request: stop_status
2021-12-19 12:37:40,361 DEBUG   SenderThread:75701 [sender.py:send_request():248] send_request: stop_status
2021-12-19 12:37:47,618 WARNING MainThread:75701 [internal.py:wandb_internal():146] Internal process interrupt: 1
2021-12-19 12:37:50,080 DEBUG   HandlerThread:75701 [handler.py:handle_request():130] handle_request: poll_exit
2021-12-19 12:37:50,080 DEBUG   SenderThread:75701 [sender.py:send():234] send: telemetry
2021-12-19 12:37:50,081 DEBUG   SenderThread:75701 [sender.py:send():234] send: exit
2021-12-19 12:37:50,083 INFO    SenderThread:75701 [sender.py:send_exit():366] handling exit code: 0
2021-12-19 12:37:50,098 INFO    SenderThread:75701 [sender.py:send_exit():368] handling runtime: 61096
2021-12-19 12:37:50,102 INFO    SenderThread:75701 [sender.py:_save_file():939] saving file wandb-summary.json with policy end
2021-12-19 12:37:50,116 INFO    SenderThread:75701 [sender.py:send_exit():374] send defer
2021-12-19 12:37:50,122 DEBUG   SenderThread:75701 [sender.py:send_request():248] send_request: poll_exit
2021-12-19 12:37:50,128 DEBUG   HandlerThread:75701 [handler.py:handle_request():130] handle_request: defer
2021-12-19 12:37:50,128 INFO    HandlerThread:75701 [handler.py:handle_request_defer():147] handle defer: 0
2021-12-19 12:37:50,130 DEBUG   SenderThread:75701 [sender.py:send_request():248] send_request: defer
2021-12-19 12:37:50,131 INFO    SenderThread:75701 [sender.py:send_request_defer():383] handle sender defer: 0
2021-12-19 12:37:50,132 INFO    SenderThread:75701 [sender.py:transition_state():387] send defer: 1
2021-12-19 12:37:50,132 DEBUG   HandlerThread:75701 [handler.py:handle_request():130] handle_request: defer
2021-12-19 12:37:50,133 INFO    HandlerThread:75701 [handler.py:handle_request_defer():147] handle defer: 1
2021-12-19 12:37:50,143 DEBUG   SenderThread:75701 [sender.py:send_request():248] send_request: defer
2021-12-19 12:37:50,144 INFO    SenderThread:75701 [sender.py:send_request_defer():383] handle sender defer: 1
2021-12-19 12:37:50,144 INFO    SenderThread:75701 [sender.py:transition_state():387] send defer: 2
2021-12-19 12:37:50,144 DEBUG   SenderThread:75701 [sender.py:send():234] send: stats
2021-12-19 12:37:50,145 DEBUG   HandlerThread:75701 [handler.py:handle_request():130] handle_request: defer
2021-12-19 12:37:50,145 INFO    HandlerThread:75701 [handler.py:handle_request_defer():147] handle defer: 2
2021-12-19 12:37:50,147 DEBUG   SenderThread:75701 [sender.py:send_request():248] send_request: defer
2021-12-19 12:37:50,147 INFO    SenderThread:75701 [sender.py:send_request_defer():383] handle sender defer: 2
2021-12-19 12:37:50,147 INFO    SenderThread:75701 [sender.py:transition_state():387] send defer: 3
2021-12-19 12:37:50,148 DEBUG   HandlerThread:75701 [handler.py:handle_request():130] handle_request: defer
2021-12-19 12:37:50,148 INFO    HandlerThread:75701 [handler.py:handle_request_defer():147] handle defer: 3
2021-12-19 12:37:50,148 DEBUG   SenderThread:75701 [sender.py:send():234] send: summary
2021-12-19 12:37:50,149 INFO    SenderThread:75701 [sender.py:_save_file():939] saving file wandb-summary.json with policy end
2021-12-19 12:37:50,149 DEBUG   SenderThread:75701 [sender.py:send_request():248] send_request: defer
2021-12-19 12:37:50,149 INFO    SenderThread:75701 [sender.py:send_request_defer():383] handle sender defer: 3
2021-12-19 12:37:50,149 INFO    SenderThread:75701 [sender.py:transition_state():387] send defer: 4
2021-12-19 12:37:50,149 DEBUG   HandlerThread:75701 [handler.py:handle_request():130] handle_request: defer
2021-12-19 12:37:50,150 INFO    HandlerThread:75701 [handler.py:handle_request_defer():147] handle defer: 4
2021-12-19 12:37:50,150 DEBUG   SenderThread:75701 [sender.py:send_request():248] send_request: defer
2021-12-19 12:37:50,150 INFO    SenderThread:75701 [sender.py:send_request_defer():383] handle sender defer: 4
2021-12-19 12:37:50,237 DEBUG   HandlerThread:75701 [handler.py:handle_request():130] handle_request: poll_exit
2021-12-19 12:37:50,425 INFO    SenderThread:75701 [sender.py:transition_state():387] send defer: 5
2021-12-19 12:37:50,425 DEBUG   SenderThread:75701 [sender.py:send_request():248] send_request: poll_exit
2021-12-19 12:37:50,426 DEBUG   HandlerThread:75701 [handler.py:handle_request():130] handle_request: defer
2021-12-19 12:37:50,426 INFO    HandlerThread:75701 [handler.py:handle_request_defer():147] handle defer: 5
2021-12-19 12:37:50,426 DEBUG   SenderThread:75701 [sender.py:send_request():248] send_request: defer
2021-12-19 12:37:50,426 INFO    SenderThread:75701 [sender.py:send_request_defer():383] handle sender defer: 5
2021-12-19 12:37:50,426 INFO    SenderThread:75701 [dir_watcher.py:finish():283] shutting down directory watcher
2021-12-19 12:37:50,531 DEBUG   HandlerThread:75701 [handler.py:handle_request():130] handle_request: poll_exit
2021-12-19 12:37:50,649 INFO    SenderThread:75701 [dir_watcher.py:_on_file_modified():230] file/dir modified: /Users/sripathisridhar/PycharmProjects/tau-av/wandb/run-20211218_193930-1op88x0v/files/wandb-summary.json
2021-12-19 12:37:50,650 INFO    SenderThread:75701 [dir_watcher.py:_on_file_modified():230] file/dir modified: /Users/sripathisridhar/PycharmProjects/tau-av/wandb/run-20211218_193930-1op88x0v/files/output.log
2021-12-19 12:37:50,651 INFO    SenderThread:75701 [dir_watcher.py:_on_file_modified():230] file/dir modified: /Users/sripathisridhar/PycharmProjects/tau-av/wandb/run-20211218_193930-1op88x0v/files/config.yaml
2021-12-19 12:37:50,651 INFO    SenderThread:75701 [dir_watcher.py:finish():313] scan: /Users/sripathisridhar/PycharmProjects/tau-av/wandb/run-20211218_193930-1op88x0v/files
2021-12-19 12:37:50,652 INFO    SenderThread:75701 [dir_watcher.py:finish():327] scan save: /Users/sripathisridhar/PycharmProjects/tau-av/wandb/run-20211218_193930-1op88x0v/files/requirements.txt requirements.txt
2021-12-19 12:37:50,653 INFO    SenderThread:75701 [dir_watcher.py:finish():327] scan save: /Users/sripathisridhar/PycharmProjects/tau-av/wandb/run-20211218_193930-1op88x0v/files/output.log output.log
2021-12-19 12:37:50,654 INFO    SenderThread:75701 [dir_watcher.py:finish():327] scan save: /Users/sripathisridhar/PycharmProjects/tau-av/wandb/run-20211218_193930-1op88x0v/files/config.yaml config.yaml
2021-12-19 12:37:50,654 INFO    SenderThread:75701 [dir_watcher.py:finish():327] scan save: /Users/sripathisridhar/PycharmProjects/tau-av/wandb/run-20211218_193930-1op88x0v/files/wandb-summary.json wandb-summary.json
2021-12-19 12:37:50,658 INFO    SenderThread:75701 [dir_watcher.py:finish():327] scan save: /Users/sripathisridhar/PycharmProjects/tau-av/wandb/run-20211218_193930-1op88x0v/files/conda-environment.yaml conda-environment.yaml
2021-12-19 12:37:50,680 INFO    SenderThread:75701 [dir_watcher.py:finish():327] scan save: /Users/sripathisridhar/PycharmProjects/tau-av/wandb/run-20211218_193930-1op88x0v/files/wandb-metadata.json wandb-metadata.json
2021-12-19 12:37:50,680 INFO    SenderThread:75701 [sender.py:transition_state():387] send defer: 6
2021-12-19 12:37:50,693 DEBUG   SenderThread:75701 [sender.py:send_request():248] send_request: poll_exit
2021-12-19 12:37:50,698 DEBUG   HandlerThread:75701 [handler.py:handle_request():130] handle_request: defer
2021-12-19 12:37:50,698 INFO    HandlerThread:75701 [handler.py:handle_request_defer():147] handle defer: 6
2021-12-19 12:37:50,707 DEBUG   SenderThread:75701 [sender.py:send_request():248] send_request: defer
2021-12-19 12:37:50,707 INFO    SenderThread:75701 [sender.py:send_request_defer():383] handle sender defer: 6
2021-12-19 12:37:50,707 INFO    SenderThread:75701 [file_pusher.py:finish():177] shutting down file pusher
2021-12-19 12:37:50,799 DEBUG   HandlerThread:75701 [handler.py:handle_request():130] handle_request: poll_exit
2021-12-19 12:37:50,799 DEBUG   SenderThread:75701 [sender.py:send_request():248] send_request: poll_exit
2021-12-19 12:37:50,902 DEBUG   HandlerThread:75701 [handler.py:handle_request():130] handle_request: poll_exit
2021-12-19 12:37:50,902 DEBUG   SenderThread:75701 [sender.py:send_request():248] send_request: poll_exit
2021-12-19 12:37:51,004 DEBUG   HandlerThread:75701 [handler.py:handle_request():130] handle_request: poll_exit
2021-12-19 12:37:51,005 DEBUG   SenderThread:75701 [sender.py:send_request():248] send_request: poll_exit
2021-12-19 12:37:51,111 DEBUG   HandlerThread:75701 [handler.py:handle_request():130] handle_request: poll_exit
2021-12-19 12:37:51,111 DEBUG   SenderThread:75701 [sender.py:send_request():248] send_request: poll_exit
2021-12-19 12:37:51,217 DEBUG   HandlerThread:75701 [handler.py:handle_request():130] handle_request: poll_exit
2021-12-19 12:37:51,217 DEBUG   SenderThread:75701 [sender.py:send_request():248] send_request: poll_exit
2021-12-19 12:37:51,323 DEBUG   HandlerThread:75701 [handler.py:handle_request():130] handle_request: poll_exit
2021-12-19 12:37:51,323 DEBUG   SenderThread:75701 [sender.py:send_request():248] send_request: poll_exit
2021-12-19 12:37:51,427 DEBUG   HandlerThread:75701 [handler.py:handle_request():130] handle_request: poll_exit
2021-12-19 12:37:51,427 DEBUG   SenderThread:75701 [sender.py:send_request():248] send_request: poll_exit
2021-12-19 12:37:51,532 DEBUG   HandlerThread:75701 [handler.py:handle_request():130] handle_request: poll_exit
2021-12-19 12:37:51,532 DEBUG   SenderThread:75701 [sender.py:send_request():248] send_request: poll_exit
2021-12-19 12:37:51,640 DEBUG   HandlerThread:75701 [handler.py:handle_request():130] handle_request: poll_exit
2021-12-19 12:37:51,640 DEBUG   SenderThread:75701 [sender.py:send_request():248] send_request: poll_exit
2021-12-19 12:37:51,744 DEBUG   HandlerThread:75701 [handler.py:handle_request():130] handle_request: poll_exit
2021-12-19 12:37:51,744 DEBUG   SenderThread:75701 [sender.py:send_request():248] send_request: poll_exit
2021-12-19 12:37:51,850 DEBUG   HandlerThread:75701 [handler.py:handle_request():130] handle_request: poll_exit
2021-12-19 12:37:51,850 DEBUG   SenderThread:75701 [sender.py:send_request():248] send_request: poll_exit
2021-12-19 12:37:51,953 DEBUG   HandlerThread:75701 [handler.py:handle_request():130] handle_request: poll_exit
2021-12-19 12:37:51,953 DEBUG   SenderThread:75701 [sender.py:send_request():248] send_request: poll_exit
2021-12-19 12:37:52,060 DEBUG   HandlerThread:75701 [handler.py:handle_request():130] handle_request: poll_exit
2021-12-19 12:37:52,061 DEBUG   SenderThread:75701 [sender.py:send_request():248] send_request: poll_exit
2021-12-19 12:37:52,167 DEBUG   HandlerThread:75701 [handler.py:handle_request():130] handle_request: poll_exit
2021-12-19 12:37:52,167 DEBUG   SenderThread:75701 [sender.py:send_request():248] send_request: poll_exit
2021-12-19 12:37:52,206 INFO    Thread-18 :75701 [upload_job.py:push():137] Uploaded file /Users/sripathisridhar/PycharmProjects/tau-av/wandb/run-20211218_193930-1op88x0v/files/output.log
2021-12-19 12:37:52,271 DEBUG   HandlerThread:75701 [handler.py:handle_request():130] handle_request: poll_exit
2021-12-19 12:37:52,271 DEBUG   SenderThread:75701 [sender.py:send_request():248] send_request: poll_exit
2021-12-19 12:37:52,378 DEBUG   HandlerThread:75701 [handler.py:handle_request():130] handle_request: poll_exit
2021-12-19 12:37:52,378 DEBUG   SenderThread:75701 [sender.py:send_request():248] send_request: poll_exit
2021-12-19 12:37:52,453 INFO    Thread-17 :75701 [upload_job.py:push():137] Uploaded file /Users/sripathisridhar/PycharmProjects/tau-av/wandb/run-20211218_193930-1op88x0v/files/requirements.txt
2021-12-19 12:37:52,483 DEBUG   HandlerThread:75701 [handler.py:handle_request():130] handle_request: poll_exit
2021-12-19 12:37:52,483 DEBUG   SenderThread:75701 [sender.py:send_request():248] send_request: poll_exit
2021-12-19 12:37:52,504 INFO    Thread-20 :75701 [upload_job.py:push():137] Uploaded file /Users/sripathisridhar/PycharmProjects/tau-av/wandb/run-20211218_193930-1op88x0v/files/wandb-summary.json
2021-12-19 12:37:52,507 INFO    Thread-21 :75701 [upload_job.py:push():137] Uploaded file /Users/sripathisridhar/PycharmProjects/tau-av/wandb/run-20211218_193930-1op88x0v/files/conda-environment.yaml
2021-12-19 12:37:52,515 INFO    Thread-19 :75701 [upload_job.py:push():137] Uploaded file /Users/sripathisridhar/PycharmProjects/tau-av/wandb/run-20211218_193930-1op88x0v/files/config.yaml
2021-12-19 12:37:52,588 DEBUG   HandlerThread:75701 [handler.py:handle_request():130] handle_request: poll_exit
2021-12-19 12:37:52,588 DEBUG   SenderThread:75701 [sender.py:send_request():248] send_request: poll_exit
2021-12-19 12:37:52,692 DEBUG   HandlerThread:75701 [handler.py:handle_request():130] handle_request: poll_exit
2021-12-19 12:37:52,692 DEBUG   SenderThread:75701 [sender.py:send_request():248] send_request: poll_exit
2021-12-19 12:37:52,717 INFO    Thread-12 :75701 [sender.py:transition_state():387] send defer: 7
2021-12-19 12:37:52,719 DEBUG   HandlerThread:75701 [handler.py:handle_request():130] handle_request: defer
2021-12-19 12:37:52,719 INFO    HandlerThread:75701 [handler.py:handle_request_defer():147] handle defer: 7
2021-12-19 12:37:52,720 DEBUG   SenderThread:75701 [sender.py:send_request():248] send_request: defer
2021-12-19 12:37:52,720 INFO    SenderThread:75701 [sender.py:send_request_defer():383] handle sender defer: 7
2021-12-19 12:37:52,795 DEBUG   HandlerThread:75701 [handler.py:handle_request():130] handle_request: poll_exit
2021-12-19 12:37:52,953 INFO    SenderThread:75701 [sender.py:transition_state():387] send defer: 8
2021-12-19 12:37:52,954 DEBUG   SenderThread:75701 [sender.py:send_request():248] send_request: poll_exit
2021-12-19 12:37:52,954 DEBUG   HandlerThread:75701 [handler.py:handle_request():130] handle_request: defer
2021-12-19 12:37:52,955 INFO    HandlerThread:75701 [handler.py:handle_request_defer():147] handle defer: 8
2021-12-19 12:37:52,955 DEBUG   SenderThread:75701 [sender.py:send_request():248] send_request: defer
2021-12-19 12:37:52,955 INFO    SenderThread:75701 [sender.py:send_request_defer():383] handle sender defer: 8
2021-12-19 12:37:52,956 INFO    SenderThread:75701 [sender.py:transition_state():387] send defer: 9
2021-12-19 12:37:52,957 DEBUG   SenderThread:75701 [sender.py:send():234] send: final
2021-12-19 12:37:52,957 DEBUG   SenderThread:75701 [sender.py:send():234] send: footer
2021-12-19 12:37:52,958 DEBUG   HandlerThread:75701 [handler.py:handle_request():130] handle_request: defer
2021-12-19 12:37:52,958 INFO    HandlerThread:75701 [handler.py:handle_request_defer():147] handle defer: 9
2021-12-19 12:37:52,958 DEBUG   SenderThread:75701 [sender.py:send_request():248] send_request: defer
2021-12-19 12:37:52,959 INFO    SenderThread:75701 [sender.py:send_request_defer():383] handle sender defer: 9
2021-12-19 12:37:53,057 DEBUG   HandlerThread:75701 [handler.py:handle_request():130] handle_request: poll_exit
2021-12-19 12:37:53,058 DEBUG   SenderThread:75701 [sender.py:send_request():248] send_request: poll_exit
2021-12-19 12:37:53,058 INFO    SenderThread:75701 [file_pusher.py:join():182] waiting for file pusher
2021-12-19 12:37:53,461 DEBUG   HandlerThread:75701 [handler.py:handle_request():130] handle_request: get_summary
2021-12-19 12:37:53,463 DEBUG   HandlerThread:75701 [handler.py:handle_request():130] handle_request: sampled_history
2021-12-19 12:37:53,465 DEBUG   HandlerThread:75701 [handler.py:handle_request():130] handle_request: shutdown
2021-12-19 12:37:53,465 INFO    HandlerThread:75701 [handler.py:finish():731] shutting down handler
2021-12-19 12:37:53,962 INFO    WriterThread:75701 [datastore.py:close():281] close: /Users/sripathisridhar/PycharmProjects/tau-av/wandb/run-20211218_193930-1op88x0v/run-1op88x0v.wandb
2021-12-19 12:37:54,463 INFO    SenderThread:75701 [sender.py:finish():1070] shutting down sender
2021-12-19 12:37:54,463 INFO    SenderThread:75701 [file_pusher.py:finish():177] shutting down file pusher
2021-12-19 12:37:54,463 INFO    SenderThread:75701 [file_pusher.py:join():182] waiting for file pusher
2021-12-19 12:37:54,713 INFO    MainThread:75701 [internal.py:handle_exit():77] Internal process exited
